<?xml version="1.0" encoding="UTF-8"?>
<!-- Generated by org.testng.reporters.JUnitReportReporter -->
<testsuite hostname="IN-BXWVDK3" failures="0" tests="1" name="Tests.GetBookingIdsTest" time="5.321" errors="0" timestamp="2024-06-17T19:11:17 IST" skipped="0">
  <testcase classname="Tests.GetBookingIdsTest" name="verifyThatGetBookingIdAPIResponseIsNotNull" time="5.321"/>
</testsuite> <!-- Tests.GetBookingIdsTest -->
