<?xml version="1.0" encoding="UTF-8"?>
<!-- Generated by org.testng.reporters.JUnitReportReporter -->
<testsuite hostname="IN-BXWVDK3" failures="0" tests="2" name="tests.GetAPITest" time="9.634" errors="0" timestamp="2024-06-21T21:38:12 IST" skipped="0">
  <testcase classname="tests.GetAPITest" name="verifyThatGetBookingIdsAPIResponseIsNotNull" time="7.668"/>
  <testcase classname="tests.GetAPITest" name="verifyThatGetBookingIdAPIResponseIsNotNull" time="1.966"/>
</testsuite> <!-- tests.GetAPITest -->
