<?xml version="1.0" encoding="UTF-8"?>
<!-- Generated by org.testng.reporters.JUnitReportReporter -->
<testsuite hostname="IN-BXWVDK3" failures="0" tests="1" name="tests.DeleteAPITest" time="1.600" errors="0" timestamp="2024-06-21T21:48:46 IST" skipped="0">
  <testcase classname="tests.DeleteAPITest" name="verifyTheDeleteBookingAPI" time="1.600"/>
</testsuite> <!-- tests.DeleteAPITest -->
