<?xml version="1.0" encoding="UTF-8"?>
<!-- Generated by org.testng.reporters.JUnitReportReporter -->
<testsuite hostname="IN-BXWVDK3" failures="0" tests="1" name="tests.PostAPITest" time="1.992" errors="0" timestamp="2024-06-21T21:48:46 IST" skipped="0">
  <testcase classname="tests.PostAPITest" name="verifyTheCreateBookingAPI" time="1.992"/>
</testsuite> <!-- tests.PostAPITest -->
